<?xml version="1.0" encoding="UTF-8"?>
<!-- Generated by org.testng.reporters.JUnitXMLReporter -->
<testsuite ignored="0" hostname="Methulis-Air" failures="0" tests="5" name="UCSC Test Automation Demo Testcases" time="87.484" errors="0" timestamp="08 Sep 2021 03:13:04 GMT">
  <testcase classname="com.actitime.qa.testcases.HomePageTest" name="homePageLogoTest" time="6.383"/>
  <testcase classname="com.actitime.qa.testcases.LogonPageTest" name="loginPageLogoTest" time="0.133"/>
  <testcase classname="com.actitime.qa.testcases.HomePageTest" name="homePageTaskLinkTest" time="10.453"/>
  <testcase classname="com.actitime.qa.testcases.LogonPageTest" name="LoginTest" time="1.066"/>
  <testcase classname="com.actitime.qa.testcases.LogonPageTest" name="LoginTest" time="1.012"/>
</testsuite> <!-- UCSC Test Automation Demo Testcases -->
