<?xml version="1.0" encoding="UTF-8"?>
<!-- Generated by org.testng.reporters.JUnitXMLReporter -->
<testsuite ignored="0" hostname="Methulis-MacBook-Air.local" failures="0" tests="3" name="Default test" time="42.938" errors="0" timestamp="28 Jul 2021 03:54:01 GMT">
  <testcase classname="com.actitime.qa.testcases.LogonPageTest" name="loginPageLogoTest" time="0.191"/>
  <testcase classname="com.actitime.qa.testcases.LogonPageTest" name="LoginTest" time="1.715"/>
  <testcase classname="com.actitime.qa.testcases.LogonPageTest" name="LoginTest" time="1.445"/>
</testsuite> <!-- Default test -->
